/home/knn/Fram_3D_printer/install/ai_3dprint/lib/python3.12/site-packages/ai_3dprint/detection.py
/home/knn/Fram_3D_printer/install/ai_3dprint/lib/python3.12/site-packages/ai_3dprint/test.py
/home/knn/Fram_3D_printer/install/ai_3dprint/lib/python3.12/site-packages/ai_3dprint/three_d_print.py
/home/knn/Fram_3D_printer/install/ai_3dprint/lib/python3.12/site-packages/ai_3dprint/__init__.py
/home/knn/Fram_3D_printer/install/ai_3dprint/lib/python3.12/site-packages/ai_3dprint/api_web.py
/home/knn/Fram_3D_printer/install/ai_3dprint/lib/python3.12/site-packages/ai_3dprint/__pycache__/detection.cpython-312.pyc
/home/knn/Fram_3D_printer/install/ai_3dprint/lib/python3.12/site-packages/ai_3dprint/__pycache__/test.cpython-312.pyc
/home/knn/Fram_3D_printer/install/ai_3dprint/lib/python3.12/site-packages/ai_3dprint/__pycache__/three_d_print.cpython-312.pyc
/home/knn/Fram_3D_printer/install/ai_3dprint/lib/python3.12/site-packages/ai_3dprint/__pycache__/__init__.cpython-312.pyc
/home/knn/Fram_3D_printer/install/ai_3dprint/lib/python3.12/site-packages/ai_3dprint/__pycache__/api_web.cpython-312.pyc
/home/knn/Fram_3D_printer/install/ai_3dprint/share/ament_index/resource_index/packages/ai_3dprint
/home/knn/Fram_3D_printer/install/ai_3dprint/share/ai_3dprint/package.xml
/home/knn/Fram_3D_printer/install/ai_3dprint/share/ai_3dprint/launch/detection_system.launch.py
/home/knn/Fram_3D_printer/install/ai_3dprint/share/ai_3dprint/models/best.pt
/home/knn/Fram_3D_printer/install/ai_3dprint/lib/python3.12/site-packages/ai_3dprint-0.0.0-py3.12.egg-info/dependency_links.txt
/home/knn/Fram_3D_printer/install/ai_3dprint/lib/python3.12/site-packages/ai_3dprint-0.0.0-py3.12.egg-info/PKG-INFO
/home/knn/Fram_3D_printer/install/ai_3dprint/lib/python3.12/site-packages/ai_3dprint-0.0.0-py3.12.egg-info/entry_points.txt
/home/knn/Fram_3D_printer/install/ai_3dprint/lib/python3.12/site-packages/ai_3dprint-0.0.0-py3.12.egg-info/top_level.txt
/home/knn/Fram_3D_printer/install/ai_3dprint/lib/python3.12/site-packages/ai_3dprint-0.0.0-py3.12.egg-info/requires.txt
/home/knn/Fram_3D_printer/install/ai_3dprint/lib/python3.12/site-packages/ai_3dprint-0.0.0-py3.12.egg-info/zip-safe
/home/knn/Fram_3D_printer/install/ai_3dprint/lib/python3.12/site-packages/ai_3dprint-0.0.0-py3.12.egg-info/SOURCES.txt
/home/knn/Fram_3D_printer/install/ai_3dprint/lib/ai_3dprint/api_web
/home/knn/Fram_3D_printer/install/ai_3dprint/lib/ai_3dprint/detection
/home/knn/Fram_3D_printer/install/ai_3dprint/lib/ai_3dprint/test
/home/knn/Fram_3D_printer/install/ai_3dprint/lib/ai_3dprint/three_d_print
