[1.148s] Invoking command in '/home/knn/Fram_3D_printer/src/ai_3dprint': PYTHONPATH=/home/knn/Fram_3D_printer/build/ai_3dprint/prefix_override:/usr/lib/python3/dist-packages/colcon_core/task/python/colcon_distutils_commands:/home/knn/Fram_3D_printer/install/ai_3dprint/lib/python3.12/site-packages:${PYTHONPATH} /usr/bin/python3 -W ignore:setup.py install is deprecated -W ignore:easy_install command is deprecated setup.py egg_info --egg-base ../../build/ai_3dprint build --build-base /home/knn/Fram_3D_printer/build/ai_3dprint/build install --record /home/knn/Fram_3D_printer/build/ai_3dprint/install.log --single-version-externally-managed install_data
[1.493s] running egg_info
[1.493s] creating ../../build/ai_3dprint/ai_3dprint.egg-info
[1.517s] writing ../../build/ai_3dprint/ai_3dprint.egg-info/PKG-INFO
[1.518s] writing dependency_links to ../../build/ai_3dprint/ai_3dprint.egg-info/dependency_links.txt
[1.518s] writing entry points to ../../build/ai_3dprint/ai_3dprint.egg-info/entry_points.txt
[1.518s] writing requirements to ../../build/ai_3dprint/ai_3dprint.egg-info/requires.txt
[1.518s] writing top-level names to ../../build/ai_3dprint/ai_3dprint.egg-info/top_level.txt
[1.518s] writing manifest file '../../build/ai_3dprint/ai_3dprint.egg-info/SOURCES.txt'
[1.568s] reading manifest file '../../build/ai_3dprint/ai_3dprint.egg-info/SOURCES.txt'
[1.568s] adding license file 'LICENSE'
[1.569s] writing manifest file '../../build/ai_3dprint/ai_3dprint.egg-info/SOURCES.txt'
[1.569s] running build
[1.569s] running build_py
[1.569s] creating /home/knn/Fram_3D_printer/build/ai_3dprint/build
[1.569s] creating /home/knn/Fram_3D_printer/build/ai_3dprint/build/lib
[1.570s] creating /home/knn/Fram_3D_printer/build/ai_3dprint/build/lib/ai_3dprint
[1.570s] copying ai_3dprint/detection.py -> /home/knn/Fram_3D_printer/build/ai_3dprint/build/lib/ai_3dprint
[1.570s] copying ai_3dprint/test.py -> /home/knn/Fram_3D_printer/build/ai_3dprint/build/lib/ai_3dprint
[1.570s] copying ai_3dprint/three_d_print.py -> /home/knn/Fram_3D_printer/build/ai_3dprint/build/lib/ai_3dprint
[1.570s] copying ai_3dprint/__init__.py -> /home/knn/Fram_3D_printer/build/ai_3dprint/build/lib/ai_3dprint
[1.570s] running install
[1.580s] running install_lib
[1.605s] creating /home/knn/Fram_3D_printer/install/ai_3dprint/lib/python3.12/site-packages/ai_3dprint
[1.605s] copying /home/knn/Fram_3D_printer/build/ai_3dprint/build/lib/ai_3dprint/detection.py -> /home/knn/Fram_3D_printer/install/ai_3dprint/lib/python3.12/site-packages/ai_3dprint
[1.606s] copying /home/knn/Fram_3D_printer/build/ai_3dprint/build/lib/ai_3dprint/test.py -> /home/knn/Fram_3D_printer/install/ai_3dprint/lib/python3.12/site-packages/ai_3dprint
[1.606s] copying /home/knn/Fram_3D_printer/build/ai_3dprint/build/lib/ai_3dprint/three_d_print.py -> /home/knn/Fram_3D_printer/install/ai_3dprint/lib/python3.12/site-packages/ai_3dprint
[1.606s] copying /home/knn/Fram_3D_printer/build/ai_3dprint/build/lib/ai_3dprint/__init__.py -> /home/knn/Fram_3D_printer/install/ai_3dprint/lib/python3.12/site-packages/ai_3dprint
[1.607s] byte-compiling /home/knn/Fram_3D_printer/install/ai_3dprint/lib/python3.12/site-packages/ai_3dprint/detection.py to detection.cpython-312.pyc
[1.608s] byte-compiling /home/knn/Fram_3D_printer/install/ai_3dprint/lib/python3.12/site-packages/ai_3dprint/test.py to test.cpython-312.pyc
[1.609s] byte-compiling /home/knn/Fram_3D_printer/install/ai_3dprint/lib/python3.12/site-packages/ai_3dprint/three_d_print.py to three_d_print.cpython-312.pyc
[1.610s] byte-compiling /home/knn/Fram_3D_printer/install/ai_3dprint/lib/python3.12/site-packages/ai_3dprint/__init__.py to __init__.cpython-312.pyc
[1.610s] running install_data
[1.610s] creating /home/knn/Fram_3D_printer/install/ai_3dprint/share/ament_index
[1.610s] creating /home/knn/Fram_3D_printer/install/ai_3dprint/share/ament_index/resource_index
[1.610s] creating /home/knn/Fram_3D_printer/install/ai_3dprint/share/ament_index/resource_index/packages
[1.610s] copying resource/ai_3dprint -> /home/knn/Fram_3D_printer/install/ai_3dprint/share/ament_index/resource_index/packages
[1.610s] copying package.xml -> /home/knn/Fram_3D_printer/install/ai_3dprint/share/ai_3dprint
[1.611s] creating /home/knn/Fram_3D_printer/install/ai_3dprint/share/ai_3dprint/launch
[1.611s] copying launch/detection_system.launch.py -> /home/knn/Fram_3D_printer/install/ai_3dprint/share/ai_3dprint/launch
[1.611s] creating /home/knn/Fram_3D_printer/install/ai_3dprint/share/ai_3dprint/models
[1.611s] copying models/best.pt -> /home/knn/Fram_3D_printer/install/ai_3dprint/share/ai_3dprint/models
[1.620s] running install_egg_info
[1.647s] Copying ../../build/ai_3dprint/ai_3dprint.egg-info to /home/knn/Fram_3D_printer/install/ai_3dprint/lib/python3.12/site-packages/ai_3dprint-0.0.0-py3.12.egg-info
[1.648s] running install_scripts
[1.822s] Installing detection script to /home/knn/Fram_3D_printer/install/ai_3dprint/lib/ai_3dprint
[1.822s] Installing test script to /home/knn/Fram_3D_printer/install/ai_3dprint/lib/ai_3dprint
[1.822s] Installing three_d_print script to /home/knn/Fram_3D_printer/install/ai_3dprint/lib/ai_3dprint
[1.823s] writing list of installed files to '/home/knn/Fram_3D_printer/build/ai_3dprint/install.log'
[1.895s] Invoked command in '/home/knn/Fram_3D_printer/src/ai_3dprint' returned '0': PYTHONPATH=/home/knn/Fram_3D_printer/build/ai_3dprint/prefix_override:/usr/lib/python3/dist-packages/colcon_core/task/python/colcon_distutils_commands:/home/knn/Fram_3D_printer/install/ai_3dprint/lib/python3.12/site-packages:${PYTHONPATH} /usr/bin/python3 -W ignore:setup.py install is deprecated -W ignore:easy_install command is deprecated setup.py egg_info --egg-base ../../build/ai_3dprint build --build-base /home/knn/Fram_3D_printer/build/ai_3dprint/build install --record /home/knn/Fram_3D_printer/build/ai_3dprint/install.log --single-version-externally-managed install_data
